  Microsoft (R) Macro Assembler (x64) Version 14.31.31107.0
  Copyright (C) Microsoft Corporation.  All rights reserved.
  
   Assembling: inffasx64.asm
  Microsoft (R) Macro Assembler (x64) Version 14.31.31107.0
  Copyright (C) Microsoft Corporation.  All rights reserved.
  
   Assembling: gvmat64.asm
  adler32.c
  compress.c
  crc32.c
  deflate.c
  Assembler code may have bugs -- use at your own risk
G:\1_Projects\BRDF\DisneyBRDF\zlib-1.2.12\deflate.c(1915,1): warning C4244: '=': conversion from 'ush' to 'uchf', possible loss of data
G:\1_Projects\BRDF\DisneyBRDF\zlib-1.2.12\deflate.c(2040,1): warning C4244: '=': conversion from 'ush' to 'uchf', possible loss of data
G:\1_Projects\BRDF\DisneyBRDF\zlib-1.2.12\deflate.c(2150,13): warning C4244: '=': conversion from 'ush' to 'uchf', possible loss of data
  gzclose.c
  gzlib.c
  gzread.c
  gzwrite.c
  infback.c
  inffas8664.c
  inffast.c
  Assembler code may have bugs -- use at your own risk
  inflate.c
  inftrees.c
  ioapi.c
  iowin32.c
G:\1_Projects\BRDF\DisneyBRDF\zlib-1.2.12\contrib\minizip\iowin32.c(31,32): warning C4067: unexpected tokens following preprocessor directive - expected a newline
  trees.c
  uncompr.c
  zutil.c
  unzip.c
  zip.c
     Creating library x64\ZlibDllRelease\zlibwapi.lib and object x64\ZlibDllRelease\zlibwapi.exp
  Generating code
  Previous IPDB not found, fall back to full compilation.
  All 268 functions were compiled because no usable IPDB/IOBJ from previous compilation was found.
  Finished generating code
  zlibvc.vcxproj -> G:\1_Projects\BRDF\DisneyBRDF\zlib-1.2.12\contrib\vstudio\vc14\x64\ZlibDllRelease\zlibwapi.dll
