g:\1_projects\brdf\disneybrdf\src\brdf\release\moc_colorvarwidget.cpp
g:\1_projects\brdf\disneybrdf\src\brdf\release\moc_floatvarwidget.cpp
g:\1_projects\brdf\disneybrdf\src\brdf\release\moc_iblwidget.cpp
g:\1_projects\brdf\disneybrdf\src\brdf\release\moc_iblwindow.cpp
g:\1_projects\brdf\disneybrdf\src\brdf\release\moc_imageslicewidget.cpp
g:\1_projects\brdf\disneybrdf\src\brdf\release\moc_imageslicewindow.cpp
g:\1_projects\brdf\disneybrdf\src\brdf\release\moc_litspherewidget.cpp
g:\1_projects\brdf\disneybrdf\src\brdf\release\moc_litspherewindow.cpp
g:\1_projects\brdf\disneybrdf\src\brdf\release\moc_mainwindow.cpp
g:\1_projects\brdf\disneybrdf\src\brdf\release\moc_parametergroupwidget.cpp
g:\1_projects\brdf\disneybrdf\src\brdf\release\moc_parameterwindow.cpp
g:\1_projects\brdf\disneybrdf\src\brdf\release\moc_plot3dwidget.cpp
g:\1_projects\brdf\disneybrdf\src\brdf\release\moc_plotcartesianwidget.cpp
g:\1_projects\brdf\disneybrdf\src\brdf\release\moc_plotcartesianwindow.cpp
g:\1_projects\brdf\disneybrdf\src\brdf\release\moc_plotpolarwidget.cpp
g:\1_projects\brdf\disneybrdf\src\brdf\release\moc_showingdockwidget.cpp
g:\1_projects\brdf\disneybrdf\src\brdf\release\moc_viewerwindow.cpp
g:\1_projects\brdf\disneybrdf\src\brdf\release\brdfbase.obj
g:\1_projects\brdf\disneybrdf\src\brdf\release\ptexhalf.obj
g:\1_projects\brdf\disneybrdf\src\brdf\release\ptexutils.obj
g:\1_projects\brdf\disneybrdf\src\brdf\release\glerror.obj
g:\1_projects\brdf\disneybrdf\src\brdf\release\iblwidget.obj
g:\1_projects\brdf\disneybrdf\src\brdf\release\plotcartesianwindow.obj
g:\1_projects\brdf\disneybrdf\src\brdf\release\main.obj
g:\1_projects\brdf\disneybrdf\src\brdf\release\brdfimageslice.obj
g:\1_projects\brdf\disneybrdf\src\brdf\release\ptexcache.obj
g:\1_projects\brdf\disneybrdf\src\brdf\release\quad.obj
g:\1_projects\brdf\disneybrdf\src\brdf\release\brdfanalytic.obj
g:\1_projects\brdf\disneybrdf\src\brdf\release\litspherewindow.obj
g:\1_projects\brdf\disneybrdf\src\brdf\release\sharedcontextglwidget.obj
g:\1_projects\brdf\disneybrdf\src\brdf\release\brdfmeasuredaniso.obj
g:\1_projects\brdf\disneybrdf\src\brdf\release\paths.obj
g:\1_projects\brdf\disneybrdf\src\brdf\release\plotpolarwidget.obj
g:\1_projects\brdf\disneybrdf\src\brdf\release\floatvarwidget.obj
g:\1_projects\brdf\disneybrdf\src\brdf\release\litspherewidget.obj
g:\1_projects\brdf\disneybrdf\src\brdf\release\simplemodel.obj
g:\1_projects\brdf\disneybrdf\src\brdf\release\dglshader.obj
g:\1_projects\brdf\disneybrdf\src\brdf\release\parametergroupwidget.obj
g:\1_projects\brdf\disneybrdf\src\brdf\release\sphere.obj
g:\1_projects\brdf\disneybrdf\src\brdf\release\imageslicewidget.obj
g:\1_projects\brdf\disneybrdf\src\brdf\release\plot3dwidget.obj
g:\1_projects\brdf\disneybrdf\src\brdf\release\brdfmeasuredmerl.obj
g:\1_projects\brdf\disneybrdf\src\brdf\release\parameterwindow.obj
g:\1_projects\brdf\disneybrdf\src\brdf\release\viewerwindow.obj
g:\1_projects\brdf\disneybrdf\src\brdf\release\colorvarwidget.obj
g:\1_projects\brdf\disneybrdf\src\brdf\release\imageslicewindow.obj
g:\1_projects\brdf\disneybrdf\src\brdf\release\ptexreader.obj
g:\1_projects\brdf\disneybrdf\src\brdf\release\iblwindow.obj
g:\1_projects\brdf\disneybrdf\src\brdf\release\plotcartesianwidget.obj
g:\1_projects\brdf\disneybrdf\src\brdf\release\dglframebuffer.obj
g:\1_projects\brdf\disneybrdf\src\brdf\release\mainwindow.obj
g:\1_projects\brdf\disneybrdf\src\brdf\release\showingdockwidget.obj
g:\1_projects\brdf\disneybrdf\src\brdf\release\moc_litspherewidget.obj
g:\1_projects\brdf\disneybrdf\src\brdf\release\moc_litspherewindow.obj
g:\1_projects\brdf\disneybrdf\src\brdf\release\moc_plotcartesianwindow.obj
g:\1_projects\brdf\disneybrdf\src\brdf\release\moc_floatvarwidget.obj
g:\1_projects\brdf\disneybrdf\src\brdf\release\moc_showingdockwidget.obj
g:\1_projects\brdf\disneybrdf\src\brdf\release\moc_mainwindow.obj
g:\1_projects\brdf\disneybrdf\src\brdf\release\moc_viewerwindow.obj
g:\1_projects\brdf\disneybrdf\src\brdf\release\moc_plot3dwidget.obj
g:\1_projects\brdf\disneybrdf\src\brdf\release\moc_iblwidget.obj
g:\1_projects\brdf\disneybrdf\src\brdf\release\moc_colorvarwidget.obj
g:\1_projects\brdf\disneybrdf\src\brdf\release\moc_imageslicewidget.obj
g:\1_projects\brdf\disneybrdf\src\brdf\release\moc_imageslicewindow.obj
g:\1_projects\brdf\disneybrdf\src\brdf\release\moc_plotpolarwidget.obj
g:\1_projects\brdf\disneybrdf\src\brdf\release\moc_parameterwindow.obj
g:\1_projects\brdf\disneybrdf\src\brdf\release\moc_iblwindow.obj
g:\1_projects\brdf\disneybrdf\src\brdf\release\moc_parametergroupwidget.obj
g:\1_projects\brdf\disneybrdf\src\brdf\release\moc_plotcartesianwidget.obj
g:\1_projects\brdf\disneybrdf\src\brdf\release\moc_predefs.h
g:\1_projects\brdf\disneybrdf\src\brdf\release\brdf.exe
g:\1_projects\brdf\disneybrdf\src\brdf\release\brdf.tlog\brdf.write.1u.tlog
g:\1_projects\brdf\disneybrdf\src\brdf\release\brdf.tlog\cl.10976.write.1.tlog
g:\1_projects\brdf\disneybrdf\src\brdf\release\brdf.tlog\cl.command.1.tlog
g:\1_projects\brdf\disneybrdf\src\brdf\release\brdf.tlog\cl.read.1.tlog
g:\1_projects\brdf\disneybrdf\src\brdf\release\brdf.tlog\custombuild.command.1.tlog
g:\1_projects\brdf\disneybrdf\src\brdf\release\brdf.tlog\custombuild.read.1.tlog
g:\1_projects\brdf\disneybrdf\src\brdf\release\brdf.tlog\custombuild.write.1.tlog
g:\1_projects\brdf\disneybrdf\src\brdf\release\brdf.tlog\link.command.1.tlog
g:\1_projects\brdf\disneybrdf\src\brdf\release\brdf.tlog\link.read.1.tlog
g:\1_projects\brdf\disneybrdf\src\brdf\release\brdf.tlog\link.write.1.tlog
g:\1_projects\brdf\disneybrdf\src\brdf\release\brdf.tlog\moc.read.1u.tlog
g:\1_projects\brdf\disneybrdf\src\brdf\release\brdf.tlog\moc.write.1u.tlog
